<?xml version="1.0" encoding="UTF-8"?>
<!-- Generated by org.testng.reporters.JUnitReportReporter -->
<testsuite hostname="LAPTOP-EANKE1PF" failures="0" tests="3" name="h2k.testng.ExecutionOrder" time="0.017" errors="0" timestamp="31 Aug 2020 18:13:58 GMT" skipped="0">
  <testcase classname="h2k.testng.ExecutionOrder" name="m3" time="0.014"/>
  <testcase classname="h2k.testng.ExecutionOrder" name="a2" time="0.002"/>
  <testcase classname="h2k.testng.ExecutionOrder" name="m1" time="0.001"/>
</testsuite> <!-- h2k.testng.ExecutionOrder -->
