<?xml version="1.0" encoding="UTF-8"?>
<!-- Generated by org.testng.reporters.JUnitReportReporter -->
<testsuite hostname="LAPTOP-EANKE1PF" failures="0" tests="9" name="h2k.testng.TestNGMultipleDataProviderExample" time="0.060" errors="0" timestamp="08 Sep 2020 22:37:28 GMT" skipped="0">
  <testcase classname="h2k.testng.TestNGMultipleDataProviderExample" name="testMultiplyMethod" time="0.001"/>
  <testcase classname="h2k.testng.TestNGMultipleDataProviderExample" name="testMultiplyMethod" time="0.005"/>
  <testcase classname="h2k.testng.TestNGMultipleDataProviderExample" name="testMultiplyMethod" time="0.003"/>
  <testcase classname="h2k.testng.TestNGMultipleDataProviderExample" name="testSubtractMethod" time="0.001"/>
  <testcase classname="h2k.testng.TestNGMultipleDataProviderExample" name="testAddMethod" time="0.013"/>
  <testcase classname="h2k.testng.TestNGMultipleDataProviderExample" name="testAddMethod" time="0.006"/>
  <testcase classname="h2k.testng.TestNGMultipleDataProviderExample" name="testAddMethod" time="0.019"/>
  <testcase classname="h2k.testng.TestNGMultipleDataProviderExample" name="testSubtractMethod" time="0.010"/>
  <testcase classname="h2k.testng.TestNGMultipleDataProviderExample" name="testSubtractMethod" time="0.002"/>
</testsuite> <!-- h2k.testng.TestNGMultipleDataProviderExample -->
