<?xml version="1.0" encoding="UTF-8"?>
<!-- Generated by org.testng.reporters.JUnitReportReporter -->
<testsuite hostname="LAPTOP-EANKE1PF" failures="0" tests="3" name="ExecutionOrder" time="0.025" errors="0" timestamp="31 Aug 2020 18:01:40 GMT" skipped="0">
  <testcase classname="ExecutionOrder" name="m3" time="0.016"/>
  <testcase classname="ExecutionOrder" name="a2" time="0.003"/>
  <testcase classname="ExecutionOrder" name="m1" time="0.006"/>
</testsuite> <!-- ExecutionOrder -->
