<?xml version="1.0" encoding="UTF-8"?>
<!-- Generated by org.testng.reporters.JUnitReportReporter -->
<testsuite hostname="LAPTOP-EANKE1PF" failures="0" tests="3" name="h2k.testng.TestNGDataProviderExample" time="0.032" errors="0" timestamp="08 Sep 2020 22:37:13 GMT" skipped="0">
  <testcase classname="h2k.testng.TestNGDataProviderExample" name="testAddMethod" time="0.006"/>
  <testcase classname="h2k.testng.TestNGDataProviderExample" name="testAddMethod" time="0.015"/>
  <testcase classname="h2k.testng.TestNGDataProviderExample" name="testAddMethod" time="0.011"/>
</testsuite> <!-- h2k.testng.TestNGDataProviderExample -->
