<?xml version="1.0" encoding="UTF-8"?>
<!-- Generated by org.testng.reporters.JUnitReportReporter -->
<testsuite hostname="LAPTOP-EANKE1PF" failures="0" tests="1" name="h2k.testng.ModifyFileForGithub" time="0.014" errors="0" timestamp="09 Sep 2020 15:39:07 GMT" skipped="0">
  <testcase classname="h2k.testng.ModifyFileForGithub" name="modify" time="0.014"/>
</testsuite> <!-- h2k.testng.ModifyFileForGithub -->
